# JRE version: OpenJDK Runtime Environment (11.0.12+7) (build 11.0.12+7-b1504.28-7817840)
# Java VM: OpenJDK 64-Bit Server VM (11.0.12+7-b1504.28-7817840, mixed mode, tiered, compressed oops, g1 gc, windows-amd64)
Heap:
 garbage-first heap   total 189440K, used 155797K [0x00000000a0000000, 0x0000000100000000)
  region size 1024K, 29 young (29696K), 1 survivors (1024K)
 Metaspace       used 103293K, capacity 106277K, committed 107008K, reserved 1142784K
  class space    used 13429K, capacity 14474K, committed 14668K, reserved 1048576K
GC Heap History (20 events):
Event: 29.766 GC heap before
{Heap before GC invocations=45 (full 0):
 garbage-first heap   total 189440K, used 152929K [0x00000000a0000000, 0x0000000100000000)
  region size 1024K, 40 young (40960K), 5 survivors (5120K)
 Metaspace       used 95764K, capacity 98786K, committed 98944K, reserved 1134592K
  class space    used 12643K, capacity 13724K, committed 13772K, reserved 1048576K
}
Event: 29.776 GC heap after
{Heap after GC invocations=46 (full 0):
 garbage-first heap   total 189440K, used 120917K [0x00000000a0000000, 0x0000000100000000)
  region size 1024K, 3 young (3072K), 3 survivors (3072K)
 Metaspace       used 95764K, capacity 98786K, committed 98944K, reserved 1134592K
  class space    used 12643K, capacity 13724K, committed 13772K, reserved 1048576K
}
Event: 30.698 GC heap before
{Heap before GC invocations=47 (full 0):
 garbage-first heap   total 189440K, used 154709K [0x00000000a0000000, 0x0000000100000000)
  region size 1024K, 37 young (37888K), 3 survivors (3072K)
 Metaspace       used 97396K, capacity 100473K, committed 100736K, reserved 1136640K
  class space    used 12858K, capacity 13958K, committed 14028K, reserved 1048576K
}
Event: 30.705 GC heap after
{Heap after GC invocations=48 (full 0):
 garbage-first heap   total 189440K, used 122941K [0x00000000a0000000, 0x0000000100000000)
  region size 1024K, 2 young (2048K), 2 survivors (2048K)
 Metaspace       used 97396K, capacity 100473K, committed 100736K, reserved 1136640K
  class space    used 12858K, capacity 13958K, committed 14028K, reserved 1048576K
}
Event: 31.093 GC heap before
{Heap before GC invocations=48 (full 0):
 garbage-first heap   total 189440K, used 156733K [0x00000000a0000000, 0x0000000100000000)
  region size 1024K, 36 young (36864K), 2 survivors (2048K)
 Metaspace       used 100072K, capacity 103161K, committed 103424K, reserved 1138688K
  class space    used 13191K, capacity 14278K, committed 14412K, reserved 1048576K
}
Event: 31.099 GC heap after
{Heap after GC invocations=49 (full 0):
 garbage-first heap   total 189440K, used 123698K [0x00000000a0000000, 0x0000000100000000)
  region size 1024K, 3 young (3072K), 3 survivors (3072K)
 Metaspace       used 100072K, capacity 103161K, committed 103424K, reserved 1138688K
  class space    used 13191K, capacity 14278K, committed 14412K, reserved 1048576K
}
Event: 31.685 GC heap before
{Heap before GC invocations=50 (full 0):
 garbage-first heap   total 189440K, used 158514K [0x00000000a0000000, 0x0000000100000000)
  region size 1024K, 37 young (37888K), 3 survivors (3072K)
 Metaspace       used 102051K, capacity 105027K, committed 105344K, reserved 1140736K
  class space    used 13382K, capacity 14466K, committed 14540K, reserved 1048576K
}
Event: 31.693 GC heap after
{Heap after GC invocations=51 (full 0):
 garbage-first heap   total 189440K, used 126597K [0x00000000a0000000, 0x0000000100000000)
  region size 1024K, 4 young (4096K), 4 survivors (4096K)
 Metaspace       used 102051K, capacity 105027K, committed 105344K, reserved 1140736K
  class space    used 13382K, capacity 14466K, committed 14540K, reserved 1048576K
}
Event: 32.427 GC heap before
{Heap before GC invocations=51 (full 0):
 garbage-first heap   total 189440K, used 159365K [0x00000000a0000000, 0x0000000100000000)
  region size 1024K, 37 young (37888K), 4 survivors (4096K)
 Metaspace       used 102583K, capacity 105679K, committed 105984K, reserved 1140736K
  class space    used 13434K, capacity 14544K, committed 14668K, reserved 1048576K
}
Event: 32.435 GC heap after
{Heap after GC invocations=52 (full 0):
 garbage-first heap   total 189440K, used 129095K [0x00000000a0000000, 0x0000000100000000)
  region size 1024K, 3 young (3072K), 3 survivors (3072K)
 Metaspace       used 102583K, capacity 105679K, committed 105984K, reserved 1140736K
  class space    used 13434K, capacity 14544K, committed 14668K, reserved 1048576K
}
Event: 160.090 GC heap before
{Heap before GC invocations=53 (full 0):
 garbage-first heap   total 189440K, used 159815K [0x00000000a0000000, 0x0000000100000000)
  region size 1024K, 34 young (34816K), 3 survivors (3072K)
 Metaspace       used 103171K, capacity 106263K, committed 106496K, reserved 1140736K
  class space    used 13508K, capacity 14625K, committed 14668K, reserved 1048576K
}
Event: 160.100 GC heap after
{Heap after GC invocations=54 (full 0):
 garbage-first heap   total 189440K, used 130007K [0x00000000a0000000, 0x0000000100000000)
  region size 1024K, 4 young (4096K), 4 survivors (4096K)
 Metaspace       used 103171K, capacity 106263K, committed 106496K, reserved 1140736K
  class space    used 13508K, capacity 14625K, committed 14668K, reserved 1048576K
}
Event: 1382.498 GC heap before
{Heap before GC invocations=54 (full 0):
 garbage-first heap   total 189440K, used 161751K [0x00000000a0000000, 0x0000000100000000)
  region size 1024K, 35 young (35840K), 4 survivors (4096K)
 Metaspace       used 103435K, capacity 106589K, committed 106752K, reserved 1140736K
  class space    used 13508K, capacity 14625K, committed 14668K, reserved 1048576K
}
Event: 1382.506 GC heap after
{Heap after GC invocations=55 (full 0):
 garbage-first heap   total 189440K, used 130236K [0x00000000a0000000, 0x0000000100000000)
  region size 1024K, 2 young (2048K), 2 survivors (2048K)
 Metaspace       used 103435K, capacity 106589K, committed 106752K, reserved 1140736K
  class space    used 13508K, capacity 14625K, committed 14668K, reserved 1048576K
}
Event: 2682.091 GC heap before
{Heap before GC invocations=56 (full 0):
 garbage-first heap   total 189440K, used 163004K [0x00000000a0000000, 0x0000000100000000)
  region size 1024K, 34 young (34816K), 2 survivors (2048K)
 Metaspace       used 103475K, capacity 106589K, committed 106752K, reserved 1140736K
  class space    used 13509K, capacity 14625K, committed 14668K, reserved 1048576K
}
Event: 2682.097 GC heap after
{Heap after GC invocations=57 (full 0):
 garbage-first heap   total 189440K, used 129992K [0x00000000a0000000, 0x0000000100000000)
  region size 1024K, 2 young (2048K), 2 survivors (2048K)
 Metaspace       used 103475K, capacity 106589K, committed 106752K, reserved 1140736K
  class space    used 13509K, capacity 14625K, committed 14668K, reserved 1048576K
}
Event: 2962.503 GC heap before
{Heap before GC invocations=57 (full 0):
 garbage-first heap   total 189440K, used 137160K [0x00000000a0000000, 0x0000000100000000)
  region size 1024K, 9 young (9216K), 2 survivors (2048K)
 Metaspace       used 103476K, capacity 106589K, committed 106752K, reserved 1140736K
  class space    used 13509K, capacity 14625K, committed 14668K, reserved 1048576K
}
Event: 2962.508 GC heap after
{Heap after GC invocations=58 (full 0):
 garbage-first heap   total 189440K, used 128120K [0x00000000a0000000, 0x0000000100000000)
  region size 1024K, 1 young (1024K), 1 survivors (1024K)
 Metaspace       used 103476K, capacity 106589K, committed 106752K, reserved 1140736K
  class space    used 13509K, capacity 14625K, committed 14668K, reserved 1048576K
}
Event: 4312.495 GC heap before
{Heap before GC invocations=58 (full 0):
 garbage-first heap   total 189440K, used 162936K [0x00000000a0000000, 0x0000000100000000)
  region size 1024K, 35 young (35840K), 1 survivors (1024K)
 Metaspace       used 103493K, capacity 106598K, committed 106752K, reserved 1140736K
  class space    used 13511K, capacity 14628K, committed 14668K, reserved 1048576K
}
Event: 4312.502 GC heap after
{Heap after GC invocations=59 (full 0):
 garbage-first heap   total 189440K, used 128149K [0x00000000a0000000, 0x0000000100000000)
  region size 1024K, 1 young (1024K), 1 survivors (1024K)
 Metaspace       used 103493K, capacity 106598K, committed 106752K, reserved 1140736K
  class space    used 13511K, capacity 14628K, committed 14668K, reserved 1048576K
}

