# JRE version: OpenJDK Runtime Environment (11.0.12+7) (build 11.0.12+7-b1504.28-7817840)
# Java VM: OpenJDK 64-Bit Server VM (11.0.12+7-b1504.28-7817840, mixed mode, tiered, compressed oops, g1 gc, windows-amd64)
Heap:
 garbage-first heap   total 131072K, used 10527K [0x0000000081e00000, 0x0000000100000000)
  region size 1024K, 1 young (1024K), 1 survivors (1024K)
 Metaspace       used 15149K, capacity 15438K, committed 15488K, reserved 1077248K
  class space    used 1767K, capacity 1873K, committed 1920K, reserved 1048576K
GC Heap History (6 events):
Event: 0.604 GC heap before
{Heap before GC invocations=0 (full 0):
 garbage-first heap   total 131072K, used 16384K [0x0000000081e00000, 0x0000000100000000)
  region size 1024K, 14 young (14336K), 0 survivors (0K)
 Metaspace       used 7929K, capacity 8113K, committed 8320K, reserved 1056768K
  class space    used 714K, capacity 786K, committed 896K, reserved 1048576K
}
Event: 0.607 GC heap after
{Heap after GC invocations=1 (full 0):
 garbage-first heap   total 131072K, used 3256K [0x0000000081e00000, 0x0000000100000000)
  region size 1024K, 2 young (2048K), 2 survivors (2048K)
 Metaspace       used 7929K, capacity 8113K, committed 8320K, reserved 1056768K
  class space    used 714K, capacity 786K, committed 896K, reserved 1048576K
}
Event: 2.541 GC heap before
{Heap before GC invocations=1 (full 0):
 garbage-first heap   total 131072K, used 33976K [0x0000000081e00000, 0x0000000100000000)
  region size 1024K, 30 young (30720K), 2 survivors (2048K)
 Metaspace       used 14921K, capacity 15133K, committed 15232K, reserved 1069056K
  class space    used 1739K, capacity 1835K, committed 1920K, reserved 1048576K
}
Event: 2.547 GC heap after
{Heap after GC invocations=2 (full 0):
 garbage-first heap   total 131072K, used 9915K [0x0000000081e00000, 0x0000000100000000)
  region size 1024K, 6 young (6144K), 6 survivors (6144K)
 Metaspace       used 14921K, capacity 15133K, committed 15232K, reserved 1069056K
  class space    used 1739K, capacity 1835K, committed 1920K, reserved 1048576K
}
Event: 2.559 GC heap before
{Heap before GC invocations=3 (full 0):
 garbage-first heap   total 131072K, used 9915K [0x0000000081e00000, 0x0000000100000000)
  region size 1024K, 7 young (7168K), 6 survivors (6144K)
 Metaspace       used 15149K, capacity 15438K, committed 15488K, reserved 1075200K
  class space    used 1767K, capacity 1873K, committed 1920K, reserved 1048576K
}
Event: 2.565 GC heap after
{Heap after GC invocations=4 (full 0):
 garbage-first heap   total 131072K, used 10527K [0x0000000081e00000, 0x0000000100000000)
  region size 1024K, 1 young (1024K), 1 survivors (1024K)
 Metaspace       used 15149K, capacity 15438K, committed 15488K, reserved 1075200K
  class space    used 1767K, capacity 1873K, committed 1920K, reserved 1048576K
}

